app/build/intermediates/manifest_merge_blame_file/debug/manifest-merger-blame-debug-report.txt
1<?xml version="1.0" encoding="utf-8"?>
2<manifest xmlns:android="http://schemas.android.com/apk/res/android"
3    package="com.project.diaryapp"
4    android:versionCode="1"
5    android:versionName="1.0" >
6
7    <uses-sdk
8        android:minSdkVersion="21"
8-->src\main\AndroidManifest.xml
9        android:targetSdkVersion="32" />
9-->src\main\AndroidManifest.xml
10
11    <uses-permission android:name="android.permission.INTERNET" />
11-->[com.google.firebase:firebase-auth:21.0.6] AndroidManifest.xml:23:5-67
11-->[com.google.firebase:firebase-auth:21.0.6] AndroidManifest.xml:23:22-64
12    <uses-permission android:name="android.permission.ACCESS_NETWORK_STATE" />
12-->[com.google.firebase:firebase-auth:21.0.6] AndroidManifest.xml:24:5-79
12-->[com.google.firebase:firebase-auth:21.0.6] AndroidManifest.xml:24:22-76
13
14    <application
14-->src\main\AndroidManifest.xml:6:5-36:19
15        android:allowBackup="true"
15-->src\main\AndroidManifest.xml:7:9-35
16        android:appComponentFactory="androidx.core.app.CoreComponentFactory"
16-->[androidx.core:core:1.8.0] AndroidManifest.xml:24:18-86
17        android:debuggable="true"
18        android:icon="@drawable/logo"
18-->src\main\AndroidManifest.xml:8:9-38
19        android:label="PS:Diary"
19-->src\main\AndroidManifest.xml:9:9-33
20        android:roundIcon="@drawable/logo"
20-->src\main\AndroidManifest.xml:10:9-43
21        android:supportsRtl="true"
21-->src\main\AndroidManifest.xml:11:9-35
22        android:theme="@style/Theme.DiaryApp" >
22-->src\main\AndroidManifest.xml:12:9-46
23        <activity
23-->src\main\AndroidManifest.xml:13:9-21:20
24            android:name="com.example.diaryapp.splashScreen"
24-->src\main\AndroidManifest.xml:14:13-41
25            android:exported="true" >
25-->src\main\AndroidManifest.xml:15:13-36
26            <intent-filter>
26-->src\main\AndroidManifest.xml:16:13-20:29
27                <action android:name="android.intent.action.MAIN" />
27-->src\main\AndroidManifest.xml:17:17-69
27-->src\main\AndroidManifest.xml:17:25-66
28
29                <category android:name="android.intent.category.LAUNCHER" />
29-->src\main\AndroidManifest.xml:19:17-77
29-->src\main\AndroidManifest.xml:19:27-74
30            </intent-filter>
31        </activity>
32        <activity
32-->src\main\AndroidManifest.xml:22:9-24:37
33            android:name="com.example.diaryapp.Login"
33-->src\main\AndroidManifest.xml:23:11-32
34            android:exported="true" />
34-->src\main\AndroidManifest.xml:24:11-34
35        <activity
35-->src\main\AndroidManifest.xml:25:7-27:38
36            android:name="com.example.diaryapp.Signup"
36-->src\main\AndroidManifest.xml:26:12-34
37            android:exported="true" />
37-->src\main\AndroidManifest.xml:27:12-35
38        <activity
38-->src\main\AndroidManifest.xml:28:9-29:38
39            android:name="com.example.diaryapp.forgot_password"
39-->src\main\AndroidManifest.xml:28:19-50
40            android:exported="true" />
40-->src\main\AndroidManifest.xml:29:13-36
41        <activity
41-->src\main\AndroidManifest.xml:30:9-34:20
42            android:name="com.example.diaryapp.MainActivity"
42-->src\main\AndroidManifest.xml:31:13-41
43            android:exported="true" >
43-->src\main\AndroidManifest.xml:32:13-36
44        </activity>
45
46        <service
46-->[com.google.firebase:firebase-auth-ktx:21.0.6] AndroidManifest.xml:8:9-14:19
47            android:name="com.google.firebase.components.ComponentDiscoveryService"
47-->[com.google.firebase:firebase-auth-ktx:21.0.6] AndroidManifest.xml:9:13-84
48            android:directBootAware="true"
48-->[com.google.firebase:firebase-common:20.1.0] AndroidManifest.xml:35:13-43
49            android:exported="false" >
49-->[com.google.firebase:firebase-auth-ktx:21.0.6] AndroidManifest.xml:10:13-37
50            <meta-data
50-->[com.google.firebase:firebase-auth-ktx:21.0.6] AndroidManifest.xml:11:13-13:85
51                android:name="com.google.firebase.components:com.google.firebase.auth.ktx.FirebaseAuthKtxRegistrar"
51-->[com.google.firebase:firebase-auth-ktx:21.0.6] AndroidManifest.xml:12:17-116
52                android:value="com.google.firebase.components.ComponentRegistrar" />
52-->[com.google.firebase:firebase-auth-ktx:21.0.6] AndroidManifest.xml:13:17-82
53            <meta-data
53-->[com.google.firebase:firebase-auth:21.0.6] AndroidManifest.xml:67:13-69:85
54                android:name="com.google.firebase.components:com.google.firebase.auth.FirebaseAuthRegistrar"
54-->[com.google.firebase:firebase-auth:21.0.6] AndroidManifest.xml:68:17-109
55                android:value="com.google.firebase.components.ComponentRegistrar" />
55-->[com.google.firebase:firebase-auth:21.0.6] AndroidManifest.xml:69:17-82
56            <meta-data
56-->[com.google.firebase:firebase-common-ktx:20.0.0] AndroidManifest.xml:15:13-17:85
57                android:name="com.google.firebase.components:com.google.firebase.ktx.FirebaseCommonKtxRegistrar"
57-->[com.google.firebase:firebase-common-ktx:20.0.0] AndroidManifest.xml:16:17-113
58                android:value="com.google.firebase.components.ComponentRegistrar" />
58-->[com.google.firebase:firebase-common-ktx:20.0.0] AndroidManifest.xml:17:17-82
59        </service>
60
61        <activity
61-->[com.google.firebase:firebase-auth:21.0.6] AndroidManifest.xml:27:9-44:20
62            android:name="com.google.firebase.auth.internal.GenericIdpActivity"
62-->[com.google.firebase:firebase-auth:21.0.6] AndroidManifest.xml:28:13-80
63            android:excludeFromRecents="true"
63-->[com.google.firebase:firebase-auth:21.0.6] AndroidManifest.xml:29:13-46
64            android:exported="true"
64-->[com.google.firebase:firebase-auth:21.0.6] AndroidManifest.xml:30:13-36
65            android:launchMode="singleTask"
65-->[com.google.firebase:firebase-auth:21.0.6] AndroidManifest.xml:31:13-44
66            android:theme="@android:style/Theme.Translucent.NoTitleBar" >
66-->[com.google.firebase:firebase-auth:21.0.6] AndroidManifest.xml:32:13-72
67            <intent-filter>
67-->[com.google.firebase:firebase-auth:21.0.6] AndroidManifest.xml:33:13-43:29
68                <action android:name="android.intent.action.VIEW" />
68-->[com.google.firebase:firebase-auth:21.0.6] AndroidManifest.xml:34:17-69
68-->[com.google.firebase:firebase-auth:21.0.6] AndroidManifest.xml:34:25-66
69
70                <category android:name="android.intent.category.DEFAULT" />
70-->[com.google.firebase:firebase-auth:21.0.6] AndroidManifest.xml:36:17-76
70-->[com.google.firebase:firebase-auth:21.0.6] AndroidManifest.xml:36:27-73
71                <category android:name="android.intent.category.BROWSABLE" />
71-->[com.google.firebase:firebase-auth:21.0.6] AndroidManifest.xml:37:17-78
71-->[com.google.firebase:firebase-auth:21.0.6] AndroidManifest.xml:37:27-75
72
73                <data
73-->[com.google.firebase:firebase-auth:21.0.6] AndroidManifest.xml:39:17-42:51
74                    android:host="firebase.auth"
74-->[com.google.firebase:firebase-auth:21.0.6] AndroidManifest.xml:40:21-49
75                    android:path="/"
75-->[com.google.firebase:firebase-auth:21.0.6] AndroidManifest.xml:41:21-37
76                    android:scheme="genericidp" />
76-->[com.google.firebase:firebase-auth:21.0.6] AndroidManifest.xml:42:21-48
77            </intent-filter>
78        </activity>
79        <activity
79-->[com.google.firebase:firebase-auth:21.0.6] AndroidManifest.xml:45:9-62:20
80            android:name="com.google.firebase.auth.internal.RecaptchaActivity"
80-->[com.google.firebase:firebase-auth:21.0.6] AndroidManifest.xml:46:13-79
81            android:excludeFromRecents="true"
81-->[com.google.firebase:firebase-auth:21.0.6] AndroidManifest.xml:47:13-46
82            android:exported="true"
82-->[com.google.firebase:firebase-auth:21.0.6] AndroidManifest.xml:48:13-36
83            android:launchMode="singleTask"
83-->[com.google.firebase:firebase-auth:21.0.6] AndroidManifest.xml:49:13-44
84            android:theme="@android:style/Theme.Translucent.NoTitleBar" >
84-->[com.google.firebase:firebase-auth:21.0.6] AndroidManifest.xml:50:13-72
85            <intent-filter>
85-->[com.google.firebase:firebase-auth:21.0.6] AndroidManifest.xml:51:13-61:29
86                <action android:name="android.intent.action.VIEW" />
86-->[com.google.firebase:firebase-auth:21.0.6] AndroidManifest.xml:34:17-69
86-->[com.google.firebase:firebase-auth:21.0.6] AndroidManifest.xml:34:25-66
87
88                <category android:name="android.intent.category.DEFAULT" />
88-->[com.google.firebase:firebase-auth:21.0.6] AndroidManifest.xml:36:17-76
88-->[com.google.firebase:firebase-auth:21.0.6] AndroidManifest.xml:36:27-73
89                <category android:name="android.intent.category.BROWSABLE" />
89-->[com.google.firebase:firebase-auth:21.0.6] AndroidManifest.xml:37:17-78
89-->[com.google.firebase:firebase-auth:21.0.6] AndroidManifest.xml:37:27-75
90
91                <data
91-->[com.google.firebase:firebase-auth:21.0.6] AndroidManifest.xml:39:17-42:51
92                    android:host="firebase.auth"
92-->[com.google.firebase:firebase-auth:21.0.6] AndroidManifest.xml:40:21-49
93                    android:path="/"
93-->[com.google.firebase:firebase-auth:21.0.6] AndroidManifest.xml:41:21-37
94                    android:scheme="recaptcha" />
94-->[com.google.firebase:firebase-auth:21.0.6] AndroidManifest.xml:42:21-48
95            </intent-filter>
96        </activity>
97
98        <provider
98-->[com.google.firebase:firebase-common:20.1.0] AndroidManifest.xml:26:9-31:39
99            android:name="com.google.firebase.provider.FirebaseInitProvider"
99-->[com.google.firebase:firebase-common:20.1.0] AndroidManifest.xml:27:13-77
100            android:authorities="com.project.diaryapp.firebaseinitprovider"
100-->[com.google.firebase:firebase-common:20.1.0] AndroidManifest.xml:28:13-72
101            android:directBootAware="true"
101-->[com.google.firebase:firebase-common:20.1.0] AndroidManifest.xml:29:13-43
102            android:exported="false"
102-->[com.google.firebase:firebase-common:20.1.0] AndroidManifest.xml:30:13-37
103            android:initOrder="100" />
103-->[com.google.firebase:firebase-common:20.1.0] AndroidManifest.xml:31:13-36
104
105        <activity
105-->[com.google.android.gms:play-services-base:17.1.0] AndroidManifest.xml:23:9-26:75
106            android:name="com.google.android.gms.common.api.GoogleApiActivity"
106-->[com.google.android.gms:play-services-base:17.1.0] AndroidManifest.xml:24:13-79
107            android:exported="false"
107-->[com.google.android.gms:play-services-base:17.1.0] AndroidManifest.xml:25:13-37
108            android:theme="@android:style/Theme.Translucent.NoTitleBar" />
108-->[com.google.android.gms:play-services-base:17.1.0] AndroidManifest.xml:26:13-72
109
110        <meta-data
110-->[com.google.android.gms:play-services-basement:18.0.0] AndroidManifest.xml:21:9-23:69
111            android:name="com.google.android.gms.version"
111-->[com.google.android.gms:play-services-basement:18.0.0] AndroidManifest.xml:22:13-58
112            android:value="@integer/google_play_services_version" />
112-->[com.google.android.gms:play-services-basement:18.0.0] AndroidManifest.xml:23:13-66
113
114        <uses-library
114-->[androidx.window:window:1.0.0] AndroidManifest.xml:25:9-27:40
115            android:name="androidx.window.extensions"
115-->[androidx.window:window:1.0.0] AndroidManifest.xml:26:13-54
116            android:required="false" />
116-->[androidx.window:window:1.0.0] AndroidManifest.xml:27:13-37
117        <uses-library
117-->[androidx.window:window:1.0.0] AndroidManifest.xml:28:9-30:40
118            android:name="androidx.window.sidecar"
118-->[androidx.window:window:1.0.0] AndroidManifest.xml:29:13-51
119            android:required="false" />
119-->[androidx.window:window:1.0.0] AndroidManifest.xml:30:13-37
120
121        <provider
121-->[androidx.emoji2:emoji2:1.0.0] AndroidManifest.xml:26:9-34:20
122            android:name="androidx.startup.InitializationProvider"
122-->[androidx.emoji2:emoji2:1.0.0] AndroidManifest.xml:27:13-67
123            android:authorities="com.project.diaryapp.androidx-startup"
123-->[androidx.emoji2:emoji2:1.0.0] AndroidManifest.xml:28:13-68
124            android:exported="false" >
124-->[androidx.emoji2:emoji2:1.0.0] AndroidManifest.xml:29:13-37
125            <meta-data
125-->[androidx.emoji2:emoji2:1.0.0] AndroidManifest.xml:31:13-33:52
126                android:name="androidx.emoji2.text.EmojiCompatInitializer"
126-->[androidx.emoji2:emoji2:1.0.0] AndroidManifest.xml:32:17-75
127                android:value="androidx.startup" />
127-->[androidx.emoji2:emoji2:1.0.0] AndroidManifest.xml:33:17-49
128            <meta-data
128-->[androidx.lifecycle:lifecycle-process:2.4.0] AndroidManifest.xml:31:13-33:52
129                android:name="androidx.lifecycle.ProcessLifecycleInitializer"
129-->[androidx.lifecycle:lifecycle-process:2.4.0] AndroidManifest.xml:32:17-78
130                android:value="androidx.startup" />
130-->[androidx.lifecycle:lifecycle-process:2.4.0] AndroidManifest.xml:33:17-49
131        </provider>
132
133        <service
133-->[androidx.room:room-runtime:2.4.2] AndroidManifest.xml:25:9-28:40
134            android:name="androidx.room.MultiInstanceInvalidationService"
134-->[androidx.room:room-runtime:2.4.2] AndroidManifest.xml:26:13-74
135            android:directBootAware="true"
135-->[androidx.room:room-runtime:2.4.2] AndroidManifest.xml:27:13-43
136            android:exported="false" />
136-->[androidx.room:room-runtime:2.4.2] AndroidManifest.xml:28:13-37
137    </application>
138
139</manifest>